2017-10-19 16:08:13|   0.1|  0.1|INFORM|FME 2017.1.0.0 (20170731 - Build 17539 - WIN64)
2017-10-19 16:08:13|   0.1|  0.0|INFORM|FME_HOME is 'C:\Program Files\FME\'
2017-10-19 16:08:13|   0.1|  0.0|INFORM|FME Database Edition (node locked-crc)
2017-10-19 16:08:13|   0.1|  0.0|INFORM|Serial Number: 0
2017-10-19 16:08:13|   0.1|  0.0|INFORM|Temporary License: 119 days left.
2017-10-19 16:08:13|   0.1|  0.0|INFORM|Machine host name is: Quinten
2017-10-19 16:08:13|   0.1|  0.0|INFORM|START - ProcessID: 18212, peak process memory usage: 30188 kB, current process memory usage: 30080 kB
2017-10-19 16:08:13|   0.1|  0.0|INFORM|FME Configuration: Command line arguments are `C:\Program Files\FME\fme.exe' `E:/School/3DAE4/Semester 5/Graduation Work/Repository/BIM_Representation/FME\wb-xlate-1508422091912_8348' `LOG_STANDARDOUT' `YES' `LogCountServerName' `{86e709a6-e300-491c-bb93-442740017e27}'
2017-10-19 16:08:13|   0.2|  0.0|INFORM|Shared folders for formats are : C:\Program Files\FME\datasources;C:\Users\quinten\Documents\FME\Formats
2017-10-19 16:08:13|   0.2|  0.0|INFORM|Shared folders for transformers are : C:\Program Files\FME\transformers;C:\Users\quinten\Documents\FME\Transformers;C:\Users\quinten\AppData\Roaming\Safe Software\FME\FME Store\Transformers
2017-10-19 16:08:13|   0.2|  0.0|INFORM|Shared folders for coordinate systems are : C:\Users\quinten\Documents\FME\CoordinateSystems
2017-10-19 16:08:13|   0.2|  0.0|INFORM|Shared folders for coordinate system exceptions are : C:\Users\quinten\Documents\FME\CoordinateSystemExceptions
2017-10-19 16:08:13|   0.2|  0.0|INFORM|Shared folders for coordinate system grid overrides are : C:\Users\quinten\Documents\FME\CoordinateSystemGridOverrides
2017-10-19 16:08:13|   0.2|  0.0|INFORM|Shared folders for CS-MAP transformation exceptions are : C:\Users\quinten\Documents\FME\CsmapTransformationExceptions
2017-10-19 16:08:13|   0.2|  0.0|INFORM|Shared folders for transformer categories are : C:\Users\quinten\Documents\FME\TransformerCategories
2017-10-19 16:08:13|   0.2|  0.0|INFORM|FME Configuration: Reader Keyword is `IFC_1'
2017-10-19 16:08:13|   0.2|  0.0|INFORM|FME Configuration: Writer Keyword is `MULTI_WRITER'
2017-10-19 16:08:13|   0.2|  0.0|INFORM|FME Configuration: Writer Group Definition Keyword is `MULTI_WRITER_DEF'
2017-10-19 16:08:13|   0.2|  0.0|INFORM|FME Configuration: Reader type is `IFC'
2017-10-19 16:08:13|   0.2|  0.0|INFORM|FME Configuration: Writer type is `MULTI_WRITER'
2017-10-19 16:08:13|   0.2|  0.0|INFORM|FME Configuration: No destination coordinate system set
2017-10-19 16:08:13|   0.2|  0.0|INFORM|FME Configuration: Current working folder is `E:\School\3DAE4\Semester 5\Graduation Work\Repository\BIM_Representation\FME'
2017-10-19 16:08:13|   0.2|  0.0|INFORM|FME Configuration: Temporary folder is `C:\Users\quinten\AppData\Local\Temp', set from environment variable `TEMP'
2017-10-19 16:08:13|   0.2|  0.0|INFORM|FME Configuration: FME_HOME is `C:\Program Files\FME\'
2017-10-19 16:08:13|   0.2|  0.0|INFORM|FME Configuration: FME_BASE is 'no'
2017-10-19 16:08:13|   0.2|  0.0|INFORM|FME Configuration: FME_MF_DIR is 'E:\School\3DAE4\Semester 5\Graduation Work\Repository\BIM_Representation\FME/'
2017-10-19 16:08:13|   0.2|  0.0|INFORM|FME Configuration: FME_MF_NAME is 'IFCConverter.fmw'
2017-10-19 16:08:13|   0.2|  0.0|INFORM|FME Configuration: FME_PRODUCT_NAME is 'FME(R) 2017.1.0.0'
2017-10-19 16:08:13|   0.2|  0.0|INFORM|System Status: 37.10 GB of disk space available in the FME temporary folder (C:\Users\quinten\AppData\Local\Temp)
2017-10-19 16:08:13|   0.2|  0.0|INFORM|System Status: 128.00 TB of virtual memory available
2017-10-19 16:08:13|   0.2|  0.0|INFORM|Operating System: Microsoft Windows 8.1 64-bit  (Build 9600)
2017-10-19 16:08:13|   0.2|  0.0|INFORM|FME Platform: WIN64
2017-10-19 16:08:13|   0.2|  0.0|INFORM|Locale: en_GB
2017-10-19 16:08:13|   0.2|  0.0|INFORM|Code Page: 1252  (ANSI - Latin I)
2017-10-19 16:08:13|   0.2|  0.0|INFORM|FME Configuration: Process limit is 15.91 GB of physical memory
2017-10-19 16:08:13|   0.2|  0.0|INFORM|FME Configuration: Start freeing memory when process usage exceeds 47.74 GB of virtual memory
2017-10-19 16:08:13|   0.2|  0.0|INFORM|FME Configuration: Stop freeing memory when process usage is below 35.81 GB of virtual memory
2017-10-19 16:08:13|   0.2|  0.0|INFORM|Creating writer for format: 
2017-10-19 16:08:13|   0.2|  0.0|INFORM|FME Configuration: Reading 2 dataset(s) with IFC reader identified by IFC_1
2017-10-19 16:08:13|   0.2|  0.0|INFORM|Creating reader for format: Industry Foundation Class STEP Files (IFC)
2017-10-19 16:08:13|   0.2|  0.0|INFORM|MULTI_READER(IFC_1): Will continue past member reader failures
2017-10-19 16:08:13|   0.2|  0.0|INFORM|MULTI_READER(IFC_1): Adding IFC Reader with keyword IFC_1
2017-10-19 16:08:13|   0.2|  0.0|INFORM|Using Multi Reader with keyword `IFC_1' to read multiple datasets
2017-10-19 16:08:13|   0.3|  0.0|INFORM|Creating reader for format: Industry Foundation Class STEP Files (IFC)
2017-10-19 16:08:13|   0.3|  0.0|INFORM|Trying to find a DYNAMIC plugin for reader named `IFC'
2017-10-19 16:08:13|   0.3|  0.1|INFORM|Loaded module 'IFC' from file 'C:\Program Files\FME\plugins/ifc/ifc.dll'
2017-10-19 16:08:13|   0.3|  0.0|INFORM|FME API version of module 'IFC' matches current internal version (3.8 20170315)
2017-10-19 16:08:13|   0.3|  0.0|INFORM|Detected IFC version 2X3.
2017-10-19 16:08:13|   0.3|  0.0|INFORM|IfcSpace instances will have no geometry.
2017-10-19 16:08:14|   0.8|  0.4|INFORM|Using MultiWriter with keyword `MULTI_WRITER' to output data (ID_ATTRIBUTE is `multi_writer_id')
2017-10-19 16:08:14|   0.8|  0.0|INFORM|Writer output will be ordered by value of multi_writer_id
2017-10-19 16:08:14|   0.8|  0.0|INFORM|Loaded module 'LogCount_func' from file 'C:\Program Files\FME\plugins/LogCount_func.dll'
2017-10-19 16:08:14|   0.8|  0.0|INFORM|FME API version of module 'LogCount_func' matches current internal version (3.8 20170315)
2017-10-19 16:08:14|   0.8|  0.0|INFORM|Loaded module 'GQueryFactory' from file 'C:\Program Files\FME\plugins/GQueryFactory.dll'
2017-10-19 16:08:14|   0.8|  0.0|INFORM|FME API version of module 'GQueryFactory' matches current internal version (3.8 20170315)
2017-10-19 16:08:14|   0.8|  0.0|INFORM|Loaded module 'Geometry_func' from file 'C:\Program Files\FME\plugins/Geometry_func.dll'
2017-10-19 16:08:14|   0.8|  0.0|INFORM|FME API version of module 'Geometry_func' matches current internal version (3.8 20170315)
2017-10-19 16:08:14|   0.8|  0.0|INFORM|Loaded module 'TransformPointCloud_func' from file 'C:\Program Files\FME\plugins/TransformPointCloud_func.dll'
2017-10-19 16:08:14|   0.8|  0.0|INFORM|FME API version of module 'TransformPointCloud_func' matches current internal version (3.8 20170315)
2017-10-19 16:08:14|   0.8|  0.0|INFORM|IFC: Plane angle unit determined to be degrees.
2017-10-19 16:08:14|   0.8|  0.0|INFORM|IFC: Length unit determined to be 'METER'. One 'METER' is 1 meters
2017-10-19 16:08:14|   1.0|  0.2|INFORM|IFC: 296 objects read
2017-10-19 16:08:14|   1.0|  0.0|INFORM|FME Configuration: Source coordinate system for reader IFC_1[IFC] set to `IFC_COORDSYS_0' as read from input data
2017-10-19 16:08:14|   1.0|  0.0|INFORM|Coordinate System `IFC_COORDSYS_0' parameters: CS_NAME=`IFC_COORDSYS_0' DT_NAME=`WGS84' ORG_LAT=`41.8744' ORG_LNG=`-87.63939999972223' PROJ=`AZMED' QUAD=`1' UNIT=`METER' X_OFF=`0.0' Y_OFF=`0.0' 
2017-10-19 16:08:14|   1.0|  0.0|WARN  |Geometry instance was modified, the geometry definition will be instantiated
2017-10-19 16:08:14|   1.3|  0.3|INFORM|Creating reader for format: Industry Foundation Class STEP Files (IFC)
2017-10-19 16:08:14|   1.3|  0.0|INFORM|Trying to find a DYNAMIC plugin for reader named `IFC'
2017-10-19 16:08:14|   1.3|  0.0|INFORM|FME API version of module 'IFC' matches current internal version (3.8 20170315)
2017-10-19 16:08:14|   1.3|  0.0|INFORM|Detected IFC version 2X3.
2017-10-19 16:08:14|   1.3|  0.0|INFORM|IfcSpace instances will have no geometry.
2017-10-19 16:08:18|   4.4|  3.2|INFORM|IFC: Plane angle unit determined to be degrees.
2017-10-19 16:08:18|   4.4|  0.0|INFORM|IFC: Length unit determined to be 'METER'. One 'METER' is 1 meters
2017-10-19 16:08:18|   4.4|  0.0|INFORM|Predefined coordinate system `IFC_COORDSYS_0' () matches dataset coordinate system 
2017-10-19 16:08:19|   5.4|  1.0|INFORM|IFC: 974 objects read
2017-10-19 16:08:19|   5.4|  0.0|INFORM|FME Configuration: Source coordinate system for reader IFC_1[IFC] set to `IFC_COORDSYS_0' as read from input data
2017-10-19 16:08:19|   5.4|  0.0|INFORM|Coordinate System `IFC_COORDSYS_0' parameters: CS_NAME=`IFC_COORDSYS_0' DT_NAME=`WGS84' ORG_LAT=`41.8744' ORG_LNG=`-87.63939999972223' PROJ=`AZMED' QUAD=`1' UNIT=`METER' X_OFF=`0.0' Y_OFF=`0.0' 
2017-10-19 16:08:22|   9.0|  3.6|INFORM|Reading source feature # 2500
2017-10-19 16:08:23|   9.8|  0.8|INFORM|Reading source feature # 5000
2017-10-19 16:08:23|   9.8|  0.0|INFORM|Reading source feature # 7500
2017-10-19 16:08:23|   9.8|  0.0|INFORM|MULTI_READER(IFC_1): Done reading 9309 features from 2 readers
2017-10-19 16:08:23|   9.8|  0.0|INFORM|Emptying factory pipeline
2017-10-19 16:08:23|   9.8|  0.0|STATS |Router and Unexpected Input Remover(RoutingFactory): Tested 9309 input feature(s), wrote 9309 output feature(s): 9309 matched merge filters, 9309 were routed to output, 0 could not be routed.
2017-10-19 16:08:23|   9.8|  0.0|STATS |Unexpected Input Remover Nuker(TeeFactory): Cloned 0 input feature(s) into 0 output feature(s)
2017-10-19 16:08:23|   9.8|  0.0|STATS |IfcMember (IFC_1) Splitter(TeeFactory): Cloned 4 input feature(s) into 4 output feature(s)
2017-10-19 16:08:23|   9.8|  0.0|STATS |IfcMember_IFC_1 Feature Counter -1 111(TeeFactory): Cloned 4 input feature(s) into 4 output feature(s)
2017-10-19 16:08:23|   9.8|  0.0|STATS |PropertySetDefinition (IFC_1) Splitter(TeeFactory): Cloned 65 input feature(s) into 0 output feature(s)
2017-10-19 16:08:23|   9.8|  0.0|STATS |IfcBeam (IFC_1) Splitter(TeeFactory): Cloned 8 input feature(s) into 8 output feature(s)
2017-10-19 16:08:23|   9.8|  0.0|STATS |IfcBeam_IFC_1 Feature Counter -1 147(TeeFactory): Cloned 8 input feature(s) into 8 output feature(s)
2017-10-19 16:08:23|   9.8|  0.0|STATS |IfcSpace (IFC_1) Splitter(TeeFactory): Cloned 63 input feature(s) into 63 output feature(s)
2017-10-19 16:08:23|   9.8|  0.0|STATS |IfcSpace_IFC_1 Feature Counter -1 97(TeeFactory): Cloned 63 input feature(s) into 63 output feature(s)
2017-10-19 16:08:23|   9.8|  0.0|STATS |IfcPropertySet (IFC_1) Splitter(TeeFactory): Cloned 7909 input feature(s) into 0 output feature(s)
2017-10-19 16:08:23|   9.8|  0.0|STATS |QuantitySetDefinition (IFC_1) Splitter(TeeFactory): Cloned 2 input feature(s) into 0 output feature(s)
2017-10-19 16:08:23|   9.8|  0.0|STATS |IfcSite (IFC_1) Splitter(TeeFactory): Cloned 2 input feature(s) into 2 output feature(s)
2017-10-19 16:08:23|   9.8|  0.0|STATS |IfcSite_IFC_1 Feature Counter -1 101(TeeFactory): Cloned 2 input feature(s) into 2 output feature(s)
2017-10-19 16:08:23|   9.8|  0.0|STATS |IfcFlowMovingDevice (IFC_1) Splitter(TeeFactory): Cloned 4 input feature(s) into 4 output feature(s)
2017-10-19 16:08:23|   9.8|  0.0|STATS |IfcFlowMovingDevice_IFC_1 Feature Counter -1 89(TeeFactory): Cloned 4 input feature(s) into 4 output feature(s)
2017-10-19 16:08:23|   9.8|  0.0|STATS |IfcStair (IFC_1) Splitter(TeeFactory): Cloned 2 input feature(s) into 2 output feature(s)
2017-10-19 16:08:23|   9.8|  0.0|STATS |IfcStair_IFC_1 Feature Counter -1 94(TeeFactory): Cloned 2 input feature(s) into 2 output feature(s)
2017-10-19 16:08:23|   9.8|  0.0|STATS |IfcRailing (IFC_1) Splitter(TeeFactory): Cloned 4 input feature(s) into 4 output feature(s)
2017-10-19 16:08:23|   9.8|  0.0|STATS |IfcRailing_IFC_1 Feature Counter -1 113(TeeFactory): Cloned 4 input feature(s) into 4 output feature(s)
2017-10-19 16:08:23|   9.8|  0.0|STATS |IfcEnergyConversionDevice (IFC_1) Splitter(TeeFactory): Cloned 16 input feature(s) into 16 output feature(s)
2017-10-19 16:08:23|   9.8|  0.0|STATS |IfcEnergyConversionDevice_IFC_1 Feature Counter -1 148(TeeFactory): Cloned 16 input feature(s) into 16 output feature(s)
2017-10-19 16:08:23|   9.8|  0.0|STATS |IfcDistributionControlElement (IFC_1) Splitter(TeeFactory): Cloned 2 input feature(s) into 2 output feature(s)
2017-10-19 16:08:23|   9.8|  0.0|STATS |IfcDistributionControlElement_IFC_1 Feature Counter -1 119(TeeFactory): Cloned 2 input feature(s) into 2 output feature(s)
2017-10-19 16:08:23|   9.8|  0.0|STATS |IfcDoor (IFC_1) Splitter(TeeFactory): Cloned 14 input feature(s) into 14 output feature(s)
2017-10-19 16:08:23|   9.8|  0.0|STATS |IfcDoor_IFC_1 Feature Counter -1 99(TeeFactory): Cloned 14 input feature(s) into 14 output feature(s)
2017-10-19 16:08:23|   9.8|  0.0|STATS |IfcBuildingStorey (IFC_1) Splitter(TeeFactory): Cloned 7 input feature(s) into 7 output feature(s)
2017-10-19 16:08:23|   9.8|  0.0|STATS |IfcBuildingStorey_IFC_1 Feature Counter -1 106(TeeFactory): Cloned 7 input feature(s) into 7 output feature(s)
2017-10-19 16:08:23|   9.8|  0.0|STATS |IfcCovering (IFC_1) Splitter(TeeFactory): Cloned 13 input feature(s) into 13 output feature(s)
2017-10-19 16:08:23|   9.8|  0.0|STATS |IfcCovering_IFC_1 Feature Counter -1 90(TeeFactory): Cloned 13 input feature(s) into 13 output feature(s)
2017-10-19 16:08:23|   9.8|  0.0|STATS |IfcWall (IFC_1) Splitter(TeeFactory): Cloned 1 input feature(s) into 1 output feature(s)
2017-10-19 16:08:23|   9.8|  0.0|STATS |IfcWall_IFC_1 Feature Counter -1 88(TeeFactory): Cloned 1 input feature(s) into 1 output feature(s)
2017-10-19 16:08:23|   9.8|  0.0|STATS |IfcProject (IFC_1) Splitter(TeeFactory): Cloned 2 input feature(s) into 2 output feature(s)
2017-10-19 16:08:23|   9.8|  0.0|STATS |IfcProject_IFC_1 Feature Counter -1 86(TeeFactory): Cloned 2 input feature(s) into 2 output feature(s)
2017-10-19 16:08:23|   9.8|  0.0|STATS |IfcRoof (IFC_1) Splitter(TeeFactory): Cloned 1 input feature(s) into 1 output feature(s)
2017-10-19 16:08:23|   9.8|  0.0|STATS |IfcRoof_IFC_1 Feature Counter -1 105(TeeFactory): Cloned 1 input feature(s) into 1 output feature(s)
2017-10-19 16:08:23|   9.8|  0.0|STATS |IfcFlowSegment (IFC_1) Splitter(TeeFactory): Cloned 427 input feature(s) into 427 output feature(s)
2017-10-19 16:08:23|   9.8|  0.0|STATS |IfcFlowSegment_IFC_1 Feature Counter -1 108(TeeFactory): Cloned 427 input feature(s) into 427 output feature(s)
2017-10-19 16:08:23|   9.8|  0.0|STATS |IfcBuilding (IFC_1) Splitter(TeeFactory): Cloned 2 input feature(s) into 2 output feature(s)
2017-10-19 16:08:23|   9.8|  0.0|STATS |IfcBuilding_IFC_1 Feature Counter -1 98(TeeFactory): Cloned 2 input feature(s) into 2 output feature(s)
2017-10-19 16:08:23|   9.8|  0.0|STATS |IfcFlowTerminal (IFC_1) Splitter(TeeFactory): Cloned 105 input feature(s) into 105 output feature(s)
2017-10-19 16:08:23|   9.8|  0.0|STATS |IfcFlowTerminal_IFC_1 Feature Counter -1 95(TeeFactory): Cloned 105 input feature(s) into 105 output feature(s)
2017-10-19 16:08:23|   9.8|  0.0|STATS |IfcOpeningElement (IFC_1) Splitter(TeeFactory): Cloned 50 input feature(s) into 50 output feature(s)
2017-10-19 16:08:23|   9.8|  0.0|STATS |IfcOpeningElement_IFC_1 Feature Counter -1 102(TeeFactory): Cloned 50 input feature(s) into 50 output feature(s)
2017-10-19 16:08:23|   9.8|  0.0|STATS |IfcFurnishingElement (IFC_1) Splitter(TeeFactory): Cloned 61 input feature(s) into 61 output feature(s)
2017-10-19 16:08:23|   9.8|  0.0|STATS |IfcFurnishingElement_IFC_1 Feature Counter -1 93(TeeFactory): Cloned 61 input feature(s) into 61 output feature(s)
2017-10-19 16:08:23|   9.8|  0.0|STATS |IfcFooting (IFC_1) Splitter(TeeFactory): Cloned 7 input feature(s) into 7 output feature(s)
2017-10-19 16:08:23|   9.8|  0.0|STATS |IfcFooting_IFC_1 Feature Counter -1 104(TeeFactory): Cloned 7 input feature(s) into 7 output feature(s)
2017-10-19 16:08:23|   9.8|  0.0|STATS |IfcSlab (IFC_1) Splitter(TeeFactory): Cloned 21 input feature(s) into 21 output feature(s)
2017-10-19 16:08:23|   9.8|  0.0|STATS |IfcSlab_IFC_1 Feature Counter -1 112(TeeFactory): Cloned 21 input feature(s) into 21 output feature(s)
2017-10-19 16:08:23|   9.8|  0.0|STATS |IfcStairFlight (IFC_1) Splitter(TeeFactory): Cloned 2 input feature(s) into 2 output feature(s)
2017-10-19 16:08:23|   9.8|  0.0|STATS |IfcStairFlight_IFC_1 Feature Counter -1 100(TeeFactory): Cloned 2 input feature(s) into 2 output feature(s)
2017-10-19 16:08:23|   9.8|  0.0|STATS |IfcWallStandardCase (IFC_1) Splitter(TeeFactory): Cloned 56 input feature(s) into 56 output feature(s)
2017-10-19 16:08:23|   9.8|  0.0|STATS |IfcWallStandardCase_IFC_1 Feature Counter -1 110(TeeFactory): Cloned 56 input feature(s) into 56 output feature(s)
2017-10-19 16:08:23|   9.8|  0.0|STATS |IfcFlowController (IFC_1) Splitter(TeeFactory): Cloned 14 input feature(s) into 14 output feature(s)
2017-10-19 16:08:23|   9.8|  0.0|STATS |IfcFlowController_IFC_1 Feature Counter -1 91(TeeFactory): Cloned 14 input feature(s) into 14 output feature(s)
2017-10-19 16:08:23|   9.8|  0.0|STATS |IfcWindow (IFC_1) Splitter(TeeFactory): Cloned 24 input feature(s) into 24 output feature(s)
2017-10-19 16:08:23|   9.8|  0.0|STATS |IfcWindow_IFC_1 Feature Counter -1 103(TeeFactory): Cloned 24 input feature(s) into 24 output feature(s)
2017-10-19 16:08:23|   9.8|  0.0|STATS |IfcFlowFitting (IFC_1) Splitter(TeeFactory): Cloned 358 input feature(s) into 358 output feature(s)
2017-10-19 16:08:23|   9.8|  0.0|STATS |IfcFlowFitting_IFC_1 Feature Counter -1 96(TeeFactory): Cloned 358 input feature(s) into 358 output feature(s)
2017-10-19 16:08:23|   9.8|  0.0|STATS |IfcQuantitySet (IFC_1) Splitter(TeeFactory): Cloned 63 input feature(s) into 0 output feature(s)
2017-10-19 16:08:23|   9.8|  0.0|STATS |Expose_Lengthunit(TeeFactory): Cloned 2 input feature(s) into 2 output feature(s)
2017-10-19 16:08:23|   9.8|  0.0|STATS |Expose_Lengthunit_OUTPUT Feature Counter -1 55(TeeFactory): Cloned 2 input feature(s) into 2 output feature(s)
2017-10-19 16:08:23|   9.8|  0.0|STATS |StringPairReplacer(TeeFactory): Cloned 2 input feature(s) into 2 output feature(s)
2017-10-19 16:08:23|   9.8|  0.0|STATS |StringPairReplacer_OUTPUT Feature Counter -1 114(TeeFactory): Cloned 2 input feature(s) into 2 output feature(s)
2017-10-19 16:08:23|   9.8|  0.0|STATS |SetGeomName_Tester(TestFactory): Tested 1268 input feature(s) -- 1268 feature(s) passed and 0 feature(s) failed
2017-10-19 16:08:23|   9.8|  0.0|STATS |SetGeomName_Outputter(TeeFactory): Cloned 1268 input feature(s) into 1268 output feature(s)
2017-10-19 16:08:23|   9.8|  0.0|STATS |SetGeomName_SET Feature Counter -1 45(TeeFactory): Cloned 1268 input feature(s) into 1268 output feature(s)
2017-10-19 16:08:23|   9.8|  0.0|STATS |SetGeomName_<REJECTED> Feature Counter -1 2147745826(TeeFactory): Cloned 0 input feature(s) into 0 output feature(s)
2017-10-19 16:08:23|   9.8|  0.0|INFORM|Creating writer for format: Autodesk FBX
2017-10-19 16:08:23|   9.9|  0.0|INFORM|Trying to find a DYNAMIC plugin for writer named `FBX'
2017-10-19 16:08:23|   9.9|  0.0|INFORM|Loaded module 'FBX' from file 'C:\Program Files\FME\plugins/FBX.dll'
2017-10-19 16:08:23|   9.9|  0.0|INFORM|FME API version of module 'FBX' matches current internal version (3.8 20170315)
2017-10-19 16:08:23|   9.9|  0.0|INFORM|FME Configuration: No destination coordinate system set
2017-10-19 16:08:23|   9.9|  0.0|INFORM|FME API version of module 'FBX' matches current internal version (3.8 20170315)
2017-10-19 16:08:23|   9.9|  0.0|INFORM|Writer `FBX_1' of type `FBX' using group definition keyword `FBX_1_DEF'
2017-10-19 16:08:23|   9.9|  0.0|INFORM|FME API version of module 'FBX' matches current internal version (3.8 20170315)
2017-10-19 16:08:23|   9.9|  0.0|INFORM|FBX_1: Writing FBX dataset 'E:\School\3DAE4\Semester 5\Graduation Work\Repository\BIM_Representation\Files'
2017-10-19 16:08:23|   9.9|  0.0|INFORM|FME Configuration: Destination coordinate system set to input coordinate system `IFC_COORDSYS_0'
2017-10-19 16:08:23|   9.9|  0.0|WARN  |FBX_1: A 'Duplex' geometry had a back appearance, which is unsupported by FBX
2017-10-19 16:08:23|   9.9|  0.0|WARN  |FBX_1: 'Duplex' feature below failed to write. Geometry type may be unsupported
2017-10-19 16:08:23|   9.9|  0.0|STATS |Storing feature(s) to FME feature store file `E:\School\3DAE4\Semester 5\Graduation Work\Repository\BIM_Representation\FME\IFCConverter_log.ffs'
2017-10-19 16:08:23|   9.9|  0.0|WARN  |+++++++++++++++++++++++++++++++++++++++++++++++++++++++++++++++++++++++++++
2017-10-19 16:08:23|   9.9|  0.0|WARN  |Feature Type: `Duplex'
2017-10-19 16:08:23|   9.9|  0.0|WARN  |Attribute(string)                 : `CompositionType' has value `ELEMENT'
2017-10-19 16:08:23|   9.9|  0.0|WARN  |Attribute(encoded: utf-8)         : `Description' has value `'
2017-10-19 16:08:23|   9.9|  0.0|WARN  |Attribute(encoded: utf-8)         : `GlobalId' has value `0BTBFw6f90Nfh9rP1dlXr2'
2017-10-19 16:08:23|   9.9|  0.0|WARN  |Attribute(string)                 : `InteriorOrExteriorSpace' has value `INTERNAL'
2017-10-19 16:08:23|   9.9|  0.0|WARN  |Attribute(encoded: utf-8)         : `LongName' has value `Living Room'
2017-10-19 16:08:23|   9.9|  0.0|WARN  |Attribute(encoded: utf-8)         : `Name' has value `A102'
2017-10-19 16:08:23|   9.9|  0.0|WARN  |Attribute(encoded: utf-8)         : `Phase' has value `Project Status'
2017-10-19 16:08:23|   9.9|  0.0|WARN  |Attribute(encoded: utf-8)         : `areaunit' has value `square_metre'
2017-10-19 16:08:23|   9.9|  0.0|WARN  |Attribute(string)                 : `fbx_type' has value `fbx_none'
2017-10-19 16:08:23|   9.9|  0.0|WARN  |Attribute(string)                 : `fme_feature_type' has value `IfcSpace'
2017-10-19 16:08:23|   9.9|  0.0|WARN  |Attribute(string)                 : `fme_geometry' has value `fme_aggregate'
2017-10-19 16:08:23|   9.9|  0.0|WARN  |Attribute(string)                 : `fme_template_feature_type' has value `Duplex'
2017-10-19 16:08:23|   9.9|  0.0|WARN  |Attribute(entangled: string)      : `fme_type' has value `fme_no_geom'
2017-10-19 16:08:23|   9.9|  0.0|WARN  |          entangled to [ifc_type]
2017-10-19 16:08:23|   9.9|  0.0|WARN  |Attribute(64 bit unsigned integer): `ifc_instance_name' has value `119'
2017-10-19 16:08:23|   9.9|  0.0|WARN  |Attribute(encoded: utf-8)         : `ifc_parent_id' has value `1xS3BCk291UvhgP2dvNMKI'
2017-10-19 16:08:23|   9.9|  0.0|WARN  |Attribute(encoded: utf-8)         : `ifc_parent_unique_id' has value `1xS3BCk291UvhgP2dvNMKI_490'
2017-10-19 16:08:23|   9.9|  0.0|WARN  |Attribute(encoded: utf-8)         : `ifc_property_set{0}' has value `3$CwzIEefE0R_VCHuI5vKk_23729'
2017-10-19 16:08:23|   9.9|  0.0|WARN  |Attribute(encoded: utf-8)         : `ifc_property_set{1}' has value `13OBxHM5j53BpqJoJaLiP0_23899'
2017-10-19 16:08:23|   9.9|  0.0|WARN  |Attribute(encoded: utf-8)         : `ifc_property_set{2}' has value `3fwEshSY14DRIMmW6aAbUu_19041'
2017-10-19 16:08:23|   9.9|  0.0|WARN  |Attribute(encoded: utf-8)         : `ifc_property_set{3}' has value `2JQc$XJrD3suGONIIJdtg2_23939'
2017-10-19 16:08:23|   9.9|  0.0|WARN  |Attribute(encoded: utf-8)         : `ifc_property_set{4}' has value `2nSpriXKX65BD7qb4tCfAX_24804'
2017-10-19 16:08:23|   9.9|  0.0|WARN  |Attribute(encoded: utf-8)         : `ifc_property_set{5}' has value `3a68FadBb1uxrkgQ0mNG83_23948'
2017-10-19 16:08:23|   9.9|  0.0|WARN  |Attribute(encoded: utf-8)         : `ifc_quantity_set{0}' has value `0TnLbAMunB8BqfZMTM2K4n_17624'
2017-10-19 16:08:23|   9.9|  0.0|WARN  |Attribute(encoded: utf-8)         : `ifc_unique_id' has value `0BTBFw6f90Nfh9rP1dlXr2_119'
2017-10-19 16:08:23|   9.9|  0.0|WARN  |Attribute(encoded: utf-8)         : `lengthunit' has value `metre'
2017-10-19 16:08:23|   9.9|  0.0|WARN  |Attribute(32 bit integer)         : `multi_reader_full_id' has value `0'
2017-10-19 16:08:23|   9.9|  0.0|WARN  |Attribute(32 bit integer)         : `multi_reader_id' has value `0'
2017-10-19 16:08:23|   9.9|  0.0|WARN  |Attribute(string)                 : `multi_reader_keyword' has value `IFC_1'
2017-10-19 16:08:23|   9.9|  0.0|WARN  |Attribute(string)                 : `multi_reader_type' has value `IFC'
2017-10-19 16:08:23|   9.9|  0.0|WARN  |Attribute(string)                 : `multi_writer_id' has value `0'
2017-10-19 16:08:23|   9.9|  0.0|WARN  |Attribute(encoded: utf-8)         : `planeangleunit' has value `degree'
2017-10-19 16:08:23|   9.9|  0.0|WARN  |Attribute(encoded: utf-8)         : `scale' has value `100'
2017-10-19 16:08:23|   9.9|  0.0|WARN  |Attribute(encoded: utf-8)         : `timeunit' has value `second'
2017-10-19 16:08:23|   9.9|  0.0|WARN  |Attribute(encoded: utf-8)         : `volumeunit' has value `cubic_metre'
2017-10-19 16:08:23|   9.9|  0.0|WARN  |Coordinate System: `IFC_COORDSYS_0'
2017-10-19 16:08:23|   9.9|  0.0|WARN  |Geometry Type: IFMEAggregate
2017-10-19 16:08:23|   9.9|  0.0|WARN  |Name(utf-8): `'A102',,IfcSpace'
2017-10-19 16:08:23|   9.9|  0.0|WARN  |Number of Geometry Traits: 15
2017-10-19 16:08:23|   9.9|  0.0|WARN  |GeometryTrait(string)                 : `CompositionType' has value `ELEMENT'
2017-10-19 16:08:23|   9.9|  0.0|WARN  |GeometryTrait(encoded: utf-8)         : `Description' has value `'
2017-10-19 16:08:23|   9.9|  0.0|WARN  |GeometryTrait(encoded: utf-8)         : `GlobalId' has value `0BTBFw6f90Nfh9rP1dlXr2'
2017-10-19 16:08:23|   9.9|  0.0|WARN  |GeometryTrait(string)                 : `InteriorOrExteriorSpace' has value `INTERNAL'
2017-10-19 16:08:23|   9.9|  0.0|WARN  |GeometryTrait(encoded: utf-8)         : `LongName' has value `Living Room'
2017-10-19 16:08:23|   9.9|  0.0|WARN  |GeometryTrait(encoded: utf-8)         : `Name' has value `A102'
2017-10-19 16:08:23|   9.9|  0.0|WARN  |GeometryTrait(64 bit unsigned integer): `ifc_instance_name' has value `119'
2017-10-19 16:08:23|   9.9|  0.0|WARN  |GeometryTrait(encoded: utf-8)         : `ifc_property_set{0}' has value `3$CwzIEefE0R_VCHuI5vKk_23729'
2017-10-19 16:08:23|   9.9|  0.0|WARN  |GeometryTrait(encoded: utf-8)         : `ifc_property_set{1}' has value `13OBxHM5j53BpqJoJaLiP0_23899'
2017-10-19 16:08:23|   9.9|  0.0|WARN  |GeometryTrait(encoded: utf-8)         : `ifc_property_set{2}' has value `3fwEshSY14DRIMmW6aAbUu_19041'
2017-10-19 16:08:23|   9.9|  0.0|WARN  |GeometryTrait(encoded: utf-8)         : `ifc_property_set{3}' has value `2JQc$XJrD3suGONIIJdtg2_23939'
2017-10-19 16:08:23|   9.9|  0.0|WARN  |GeometryTrait(encoded: utf-8)         : `ifc_property_set{4}' has value `2nSpriXKX65BD7qb4tCfAX_24804'
2017-10-19 16:08:23|   9.9|  0.0|WARN  |GeometryTrait(encoded: utf-8)         : `ifc_property_set{5}' has value `3a68FadBb1uxrkgQ0mNG83_23948'
2017-10-19 16:08:23|   9.9|  0.0|WARN  |GeometryTrait(encoded: utf-8)         : `ifc_quantity_set{0}' has value `0TnLbAMunB8BqfZMTM2K4n_17624'
2017-10-19 16:08:23|   9.9|  0.0|WARN  |GeometryTrait(encoded: utf-8)         : `ifc_unique_id' has value `0BTBFw6f90Nfh9rP1dlXr2_119'
2017-10-19 16:08:23|   9.9|  0.0|WARN  |Front Appearance Reference: `<inherited_or_default_appearance>'
2017-10-19 16:08:23|   9.9|  0.0|WARN  |Back Appearance Reference: `<inherited_or_default_appearance>'
2017-10-19 16:08:23|   9.9|  0.0|WARN  |Number of Geometries: 0
2017-10-19 16:08:23|   9.9|  0.0|WARN  |Transformation Matrix:
2017-10-19 16:08:23|   9.9|  0.0|WARN  |   |100 0   0   0|
2017-10-19 16:08:23|   9.9|  0.0|WARN  |   |0   100 0   0|
2017-10-19 16:08:23|   9.9|  0.0|WARN  |   |0   0   100 0|
2017-10-19 16:08:23|   9.9|  0.0|WARN  |   |0   0   0   1|
2017-10-19 16:08:23|   9.9|  0.0|WARN  |===========================================================================
2017-10-19 16:08:35|  21.9| 12.0|STATS |Hold_Until_Done(SortFactory): Output 1268 feature(s) without doing any sorting
2017-10-19 16:08:35|  21.9|  0.0|STATS |Hold_Until_Done OUTPUT Splitter(TeeFactory): Cloned 1268 input feature(s) into 2536 output feature(s)
2017-10-19 16:08:35|  21.9|  0.0|STATS |Hold_Until_Done_OUTPUT_0_x1LVNQJ9fdk= Feature Counter -1 118(TeeFactory): Cloned 1268 input feature(s) into 1268 output feature(s)
2017-10-19 16:08:35|  21.9|  0.0|STATS |Hold_Until_Done_OUTPUT_1_NXMiblElVY0= Feature Counter -1 109(TeeFactory): Cloned 1268 input feature(s) into 1268 output feature(s)
2017-10-19 16:08:35|  21.9|  0.0|STATS |Expose_Geometry_Type(TeeFactory): Cloned 1268 input feature(s) into 1268 output feature(s)
2017-10-19 16:08:35|  21.9|  0.0|STATS |Expose_Geometry_Type_OUTPUT Feature Counter -1 28(TeeFactory): Cloned 1268 input feature(s) into 1268 output feature(s)
2017-10-19 16:08:35|  21.9|  0.0|STATS |Deaggregator(DeaggregateFactory): Split 1268 input feature(s) into 0 point-in-polygon feature(s), 0 donut polygon(s), 0 polygon(s), 1072 line(s), 0 point(s), and 1410 aggregate(s)
2017-10-19 16:08:35|  21.9|  0.0|STATS |Deaggregator_DEAGGREGATED Feature Counter -1 125(TeeFactory): Cloned 2482 input feature(s) into 2482 output feature(s)
2017-10-19 16:08:35|  21.9|  0.0|STATS |CopyType_OUTPUT Feature Counter -1 128(TeeFactory): Cloned 2482 input feature(s) into 2482 output feature(s)
2017-10-19 16:08:35|  21.9|  0.0|STATS |Test_Arc(TestFactory): Tested 2482 input feature(s) -- 56 feature(s) passed and 2426 feature(s) failed
2017-10-19 16:08:35|  21.9|  0.0|STATS |Test_Arc_PASSED Feature Counter -1 123(TeeFactory): Cloned 56 input feature(s) into 56 output feature(s)
2017-10-19 16:08:35|  21.9|  0.0|STATS |ArcExtractor(TeeFactory): Cloned 56 input feature(s) into 56 output feature(s)
2017-10-19 16:08:35|  21.9|  0.0|STATS |ArcExtractor_Rejector(TestFactory): Tested 56 input feature(s) -- 0 feature(s) passed and 56 feature(s) failed
2017-10-19 16:08:35|  21.9|  0.0|STATS |ArcExtractor_OUTPUT Feature Counter -1 120(TeeFactory): Cloned 56 input feature(s) into 56 output feature(s)
2017-10-19 16:08:35|  21.9|  0.0|STATS |ArcExtractor_<REJECTED> Feature Counter -1 2147680378(TeeFactory): Cloned 0 input feature(s) into 0 output feature(s)
2017-10-19 16:08:35|  21.9|  0.0|STATS |Test_Door(TestFactory): Tested 56 input feature(s) -- 14 feature(s) passed and 42 feature(s) failed
2017-10-19 16:08:35|  21.9|  0.0|STATS |Test_Door_PASSED Feature Counter -1 127(TeeFactory): Cloned 14 input feature(s) into 14 output feature(s)
2017-10-19 16:08:35|  21.9|  0.0|STATS |Test_Door_FAILED Feature Counter -1 121(TeeFactory): Cloned 42 input feature(s) into 42 output feature(s)
2017-10-19 16:08:35|  21.9|  0.0|STATS |FeatureMerger(ReferenceFactory): Total Results: 1268 Complete Feature(s), 0 Incomplete Feature(s), 0 Referenced Feature(s), 0 Unreferenced Feature(s), 0 Referencer Feature(s) (NO REFERENCES), 0 Referencee Feature(s) (NO Referencee fields defined), and 0 Duplicate Referencee Feature(s)
2017-10-19 16:08:35|  21.9|  0.0|STATS |FeatureMerger_MERGED Feature Counter -1 117(TeeFactory): Cloned 1268 input feature(s) into 1268 output feature(s)
2017-10-19 16:08:35|  21.9|  0.0|STATS |FeatureMerger_<REJECTED> Feature Counter -1 2147876971(TeeFactory): Cloned 0 input feature(s) into 0 output feature(s)
2017-10-19 16:08:35|  21.9|  0.0|STATS |Scale_Geometry_Input(TeeFactory): Cloned 1268 input feature(s) into 1268 output feature(s)
2017-10-19 16:08:35|  21.9|  0.0|STATS |Scale_Geometry(TeeFactory): Cloned 1268 input feature(s) into 1268 output feature(s)
2017-10-19 16:08:35|  21.9|  0.0|STATS |Scale_Geometry_Rejector(TestFactory): Tested 1268 input feature(s) -- 0 feature(s) passed and 1268 feature(s) failed
2017-10-19 16:08:35|  21.9|  0.0|STATS |Scale_Geometry_PointCloudScaler(TestFactory): Tested 1268 input feature(s) -- 0 feature(s) passed and 1268 feature(s) failed
2017-10-19 16:08:35|  21.9|  0.0|STATS |Scale_Geometry_SCALED Feature Counter -1 49(TeeFactory): Cloned 1268 input feature(s) into 1268 output feature(s)
2017-10-19 16:08:35|  22.0|  0.0|STATS |Scale_Geometry_<REJECTED> Feature Counter -1 2147680293(TeeFactory): Cloned 0 input feature(s) into 0 output feature(s)
2017-10-19 16:08:35|  22.0|  0.0|STATS |Destination Feature Type Routing Correlator(RoutingFactory): Tested 1324 input feature(s), wrote 1324 output feature(s): 0 matched merge filters, 1324 were routed to output, 0 could not be routed.
2017-10-19 16:08:35|  22.0|  0.0|STATS |Final Output Nuker(TeeFactory): Cloned 0 input feature(s) into 0 output feature(s)
2017-10-19 16:08:35|  22.0|  0.0|INFORM|FBX_1: Writing scene to 'E:\School\3DAE4\Semester 5\Graduation Work\Repository\BIM_Representation\Files\Duplex.fbx' with default units (cm)
2017-10-19 16:08:36|  23.0|  1.1|INFORM|FBX_1: Closing FBX dataset 'E:\School\3DAE4\Semester 5\Graduation Work\Repository\BIM_Representation\Files'
2017-10-19 16:08:36|  23.0|  0.0|WARN  |FBX_1: 127 'Duplex' feature(s) failed to write, possibly due to unsupported geometries
2017-10-19 16:08:36|  23.2|  0.2|INFORM|=-=-=-=-=-=-=-=-=-=-=-=-=-=-=-=-=-=-=-=-=-=-=-=-=-=-=-=-=-=-=-=-=-=-=-=-=-=-=-
2017-10-19 16:08:36|  23.2|  0.0|INFORM|Feature output statistics for `FBX' writer using keyword `FBX_1':
2017-10-19 16:08:36|  23.2|  0.0|STATS |=-=-=-=-=-=-=-=-=-=-=-=-=-=-=-=-=-=-=-=-=-=-=-=-=-=-=-=-=-=-=-=-=-=-=-=-=-=-=-
2017-10-19 16:08:36|  23.2|  0.0|STATS |                               Features Written
2017-10-19 16:08:36|  23.2|  0.0|STATS |=-=-=-=-=-=-=-=-=-=-=-=-=-=-=-=-=-=-=-=-=-=-=-=-=-=-=-=-=-=-=-=-=-=-=-=-=-=-=-
2017-10-19 16:08:36|  23.2|  0.0|STATS |Duplex                                                                    1268
2017-10-19 16:08:36|  23.2|  0.0|STATS |==============================================================================
2017-10-19 16:08:36|  23.2|  0.0|STATS |Total Features Written                                                    1268
2017-10-19 16:08:36|  23.2|  0.0|STATS |=-=-=-=-=-=-=-=-=-=-=-=-=-=-=-=-=-=-=-=-=-=-=-=-=-=-=-=-=-=-=-=-=-=-=-=-=-=-=-
2017-10-19 16:08:36|  23.2|  0.0|INFORM|MULTI_WRITER: multi_writer_id `1': Started outputting features
2017-10-19 16:08:36|  23.3|  0.0|INFORM|Creating writer for format: CSV (Comma Separated Value)
2017-10-19 16:08:36|  23.3|  0.0|INFORM|Trying to find a DYNAMIC plugin for writer named `CSV2'
2017-10-19 16:08:36|  23.3|  0.0|INFORM|Loaded module 'CSV2' from file 'C:\Program Files\FME\plugins/CSV2.dll'
2017-10-19 16:08:36|  23.3|  0.0|INFORM|FME API version of module 'CSV2' matches current internal version (3.8 20170315)
2017-10-19 16:08:36|  23.3|  0.0|INFORM|FME Configuration: No destination coordinate system set
2017-10-19 16:08:36|  23.3|  0.0|INFORM|FME API version of module 'CSV2' matches current internal version (3.8 20170315)
2017-10-19 16:08:36|  23.3|  0.0|INFORM|Writer `CSV2_1' of type `CSV2' using group definition keyword `CSV2_1_DEF'
2017-10-19 16:08:36|  23.3|  0.0|INFORM|FME API version of module 'CSV2' matches current internal version (3.8 20170315)
2017-10-19 16:08:36|  23.3|  0.0|INFORM|CSV writer: Directive '_EXTENSION' has the value 'csv'
2017-10-19 16:08:36|  23.3|  0.0|INFORM|CSV writer: Directive '_DELIMITER' has the value ','
2017-10-19 16:08:36|  23.3|  0.0|INFORM|CSV writer: Directive '_WRITE_BOM_FOR_UNICODE' has the value 'Yes'
2017-10-19 16:08:36|  23.3|  0.0|INFORM|CSV writer: Directive '_QUALIFY_FIELD_NAMES' has the value 'if_needed'
2017-10-19 16:08:36|  23.3|  0.0|INFORM|CSV writer: Directive '_QUALIFY_FIELD_VALUES' has the value 'if_needed'
2017-10-19 16:08:36|  23.3|  0.0|INFORM|CSV writer: Directive '_FIELD_QUALIFIER_CHARACTER' has the value '"'
2017-10-19 16:08:36|  23.3|  0.0|INFORM|CSV writer: Directive '_FIELD_QUALIFIER_ESCAPE_CHARACTER' has the value '"'
2017-10-19 16:08:36|  23.3|  0.0|INFORM|CSV writer: Directive '_ROW_TERMINATION' has the value 'System'
2017-10-19 16:08:36|  23.3|  0.0|INFORM|CSV writer: Directive '_WRITE_SCHEMA_FILE' has the value 'NO'
2017-10-19 16:08:36|  23.3|  0.0|INFORM|CSV writer: Opening dataset 'E:\School\3DAE4\Semester 5\Graduation Work\Repository\BIM_Representation\Files\Arcs.csv'
2017-10-19 16:08:36|  23.3|  0.0|INFORM|CSV writer: Opening dataset 'E:\School\3DAE4\Semester 5\Graduation Work\Repository\BIM_Representation\Files\DoorProperties.csv'
2017-10-19 16:08:36|  23.3|  0.0|INFORM|=-=-=-=-=-=-=-=-=-=-=-=-=-=-=-=-=-=-=-=-=-=-=-=-=-=-=-=-=-=-=-=-=-=-=-=-=-=-=-
2017-10-19 16:08:36|  23.3|  0.0|INFORM|Feature output statistics for `CSV2' writer using keyword `CSV2_1':
2017-10-19 16:08:36|  23.3|  0.0|STATS |=-=-=-=-=-=-=-=-=-=-=-=-=-=-=-=-=-=-=-=-=-=-=-=-=-=-=-=-=-=-=-=-=-=-=-=-=-=-=-
2017-10-19 16:08:36|  23.3|  0.0|STATS |                               Features Written
2017-10-19 16:08:36|  23.3|  0.0|STATS |=-=-=-=-=-=-=-=-=-=-=-=-=-=-=-=-=-=-=-=-=-=-=-=-=-=-=-=-=-=-=-=-=-=-=-=-=-=-=-
2017-10-19 16:08:36|  23.3|  0.0|STATS |Arcs                                                                        42
2017-10-19 16:08:36|  23.3|  0.0|STATS |DoorProperties                                                              14
2017-10-19 16:08:36|  23.3|  0.0|STATS |==============================================================================
2017-10-19 16:08:36|  23.3|  0.0|STATS |Total Features Written                                                      56
2017-10-19 16:08:36|  23.3|  0.0|STATS |=-=-=-=-=-=-=-=-=-=-=-=-=-=-=-=-=-=-=-=-=-=-=-=-=-=-=-=-=-=-=-=-=-=-=-=-=-=-=-
2017-10-19 16:08:36|  23.3|  0.0|INFORM|MULTI_WRITER: multi_writer_id `1': done writing 56 feature(s) 
2017-10-19 16:08:36|  23.3|  0.0|INFORM|^^^^^^^^^^^^^^^^^^^^^^^^^^^^^^^^^^^^^^^^^^^^^^^^^^^^^^^^^^^^^^^^^^^^^^^^^^^^^^
2017-10-19 16:08:36|  23.3|  0.0|STATS |=-=-=-=-=-=-=-=-=-=-=-=-=-=-=-=-=-=-=-=-=-=-=-=-=-=-=-=-=-=-=-=-=-=-=-=-=-=-=-
2017-10-19 16:08:36|  23.3|  0.0|STATS |                            Features Read Summary
2017-10-19 16:08:36|  23.3|  0.0|STATS |=-=-=-=-=-=-=-=-=-=-=-=-=-=-=-=-=-=-=-=-=-=-=-=-=-=-=-=-=-=-=-=-=-=-=-=-=-=-=-
2017-10-19 16:08:36|  23.3|  0.0|STATS |IfcBeam                                                                      8
2017-10-19 16:08:36|  23.3|  0.0|STATS |IfcBuilding                                                                  2
2017-10-19 16:08:36|  23.3|  0.0|STATS |IfcBuildingStorey                                                            7
2017-10-19 16:08:36|  23.3|  0.0|STATS |IfcCovering                                                                 13
2017-10-19 16:08:36|  23.3|  0.0|STATS |IfcDistributionControlElement                                                2
2017-10-19 16:08:36|  23.3|  0.0|STATS |IfcDoor                                                                     14
2017-10-19 16:08:36|  23.3|  0.0|STATS |IfcEnergyConversionDevice                                                   16
2017-10-19 16:08:36|  23.3|  0.0|STATS |IfcFlowController                                                           14
2017-10-19 16:08:36|  23.3|  0.0|STATS |IfcFlowFitting                                                             358
2017-10-19 16:08:36|  23.3|  0.0|STATS |IfcFlowMovingDevice                                                          4
2017-10-19 16:08:36|  23.3|  0.0|STATS |IfcFlowSegment                                                             427
2017-10-19 16:08:36|  23.3|  0.0|STATS |IfcFlowTerminal                                                            105
2017-10-19 16:08:36|  23.3|  0.0|STATS |IfcFooting                                                                   7
2017-10-19 16:08:36|  23.3|  0.0|STATS |IfcFurnishingElement                                                        61
2017-10-19 16:08:36|  23.3|  0.0|STATS |IfcMember                                                                    4
2017-10-19 16:08:36|  23.3|  0.0|STATS |IfcOpeningElement                                                           50
2017-10-19 16:08:36|  23.3|  0.0|STATS |IfcProject                                                                   2
2017-10-19 16:08:36|  23.3|  0.0|STATS |IfcPropertySet                                                            7909
2017-10-19 16:08:36|  23.3|  0.0|STATS |IfcQuantitySet                                                              63
2017-10-19 16:08:36|  23.3|  0.0|STATS |IfcRailing                                                                   4
2017-10-19 16:08:36|  23.3|  0.0|STATS |IfcRoof                                                                      1
2017-10-19 16:08:36|  23.3|  0.0|STATS |IfcSite                                                                      2
2017-10-19 16:08:36|  23.3|  0.0|STATS |IfcSlab                                                                     21
2017-10-19 16:08:36|  23.3|  0.0|STATS |IfcSpace                                                                    63
2017-10-19 16:08:36|  23.3|  0.0|STATS |IfcStair                                                                     2
2017-10-19 16:08:36|  23.3|  0.0|STATS |IfcStairFlight                                                               2
2017-10-19 16:08:36|  23.3|  0.0|STATS |IfcWall                                                                      1
2017-10-19 16:08:36|  23.3|  0.0|STATS |IfcWallStandardCase                                                         56
2017-10-19 16:08:36|  23.3|  0.0|STATS |IfcWindow                                                                   24
2017-10-19 16:08:36|  23.3|  0.0|STATS |PropertySetDefinition                                                       65
2017-10-19 16:08:36|  23.3|  0.0|STATS |QuantitySetDefinition                                                        2
2017-10-19 16:08:36|  23.3|  0.0|STATS |==============================================================================
2017-10-19 16:08:36|  23.3|  0.0|STATS |Total Features Read                                                       9309
2017-10-19 16:08:36|  23.3|  0.0|STATS |=-=-=-=-=-=-=-=-=-=-=-=-=-=-=-=-=-=-=-=-=-=-=-=-=-=-=-=-=-=-=-=-=-=-=-=-=-=-=-
2017-10-19 16:08:36|  23.3|  0.0|STATS |=-=-=-=-=-=-=-=-=-=-=-=-=-=-=-=-=-=-=-=-=-=-=-=-=-=-=-=-=-=-=-=-=-=-=-=-=-=-=-
2017-10-19 16:08:36|  23.3|  0.0|STATS |                           Features Written Summary
2017-10-19 16:08:36|  23.3|  0.0|STATS |=-=-=-=-=-=-=-=-=-=-=-=-=-=-=-=-=-=-=-=-=-=-=-=-=-=-=-=-=-=-=-=-=-=-=-=-=-=-=-
2017-10-19 16:08:36|  23.3|  0.0|STATS |Arcs                                                                        42
2017-10-19 16:08:36|  23.3|  0.0|STATS |DoorProperties                                                              14
2017-10-19 16:08:36|  23.3|  0.0|STATS |Duplex                                                                    1268
2017-10-19 16:08:36|  23.3|  0.0|STATS |==============================================================================
2017-10-19 16:08:36|  23.3|  0.0|STATS |Total Features Written                                                    1324
2017-10-19 16:08:36|  23.3|  0.0|STATS |=-=-=-=-=-=-=-=-=-=-=-=-=-=-=-=-=-=-=-=-=-=-=-=-=-=-=-=-=-=-=-=-=-=-=-=-=-=-=-
2017-10-19 16:08:36|  23.3|  0.0|INFORM|Translation was SUCCESSFUL with 69 warning(s) (1324 feature(s) output)
2017-10-19 16:08:37|  23.4|  0.0|STATS |Stored 1 feature(s) to FME feature store file `E:\School\3DAE4\Semester 5\Graduation Work\Repository\BIM_Representation\FME\IFCConverter_log.ffs'
2017-10-19 16:08:37|  23.4|  0.0|INFORM|FME Session Duration: 23.4 seconds. (CPU: 22.5s user, 0.7s system)
2017-10-19 16:08:37|  23.4|  0.0|INFORM|END - ProcessID: 18212, peak process memory usage: 813680 kB, current process memory usage: 109176 kB
